-------------------------------------------------------------------------------
Test set: AddBookIntegrationTest
-------------------------------------------------------------------------------
Tests run: 2, Failures: 0, Errors: 2, Skipped: 0, Time elapsed: 0.02 s <<< FAILURE! - in AddBookIntegrationTest
testAddNewBookSuccessfully  Time elapsed: 0.006 s  <<< ERROR!
java.lang.Error: 
Unresolved compilation problems: 
	The declared package "com.example" does not match the expected package ""
	The Java feature 'Text Blocks' is only available with source level 15 and above
	The Java feature 'Text Blocks' is only available with source level 15 and above

	at AddBookIntegrationTest.<init>(AddBookIntegrationTest.java:1)

testAddBookWithMissingFields  Time elapsed: 0 s  <<< ERROR!
java.lang.Error: 
Unresolved compilation problems: 
	The declared package "com.example" does not match the expected package ""
	The Java feature 'Text Blocks' is only available with source level 15 and above
	The Java feature 'Text Blocks' is only available with source level 15 and above

	at AddBookIntegrationTest.<init>(AddBookIntegrationTest.java:1)

