<?xml version="1.0" encoding="UTF-8"?>
<testsuite xmlns:xsi="http://www.w3.org/2001/XMLSchema-instance" xsi:noNamespaceSchemaLocation="https://maven.apache.org/surefire/maven-surefire-plugin/xsd/surefire-test-report.xsd" name="AddBookIntegrationTest" time="0.02" tests="2" errors="2" skipped="0" failures="0">
  <properties>
[...]
</properties>
  <testcase name="testAddNewBookSuccessfully" classname="AddBookIntegrationTest" time="0.006">
    <error message="Unresolved compilation problems: &#10;	The declared package &quot;com.example&quot; does not match the expected package &quot;&quot;&#10;	The Java feature &apos;Text Blocks&apos; is only available with source level 15 and above&#10;	The Java feature &apos;Text Blocks&apos; is only available with source level 15 and above&#10;" type="java.lang.Error"><![CDATA[java.lang.Error: 
Unresolved compilation problems: 
	The declared package "com.example" does not match the expected package ""
	The Java feature 'Text Blocks' is only available with source level 15 and above
	The Java feature 'Text Blocks' is only available with source level 15 and above

	at AddBookIntegrationTest.<init>(AddBookIntegrationTest.java:1)
]]></error>
  </testcase>
  <testcase name="testAddBookWithMissingFields" classname="AddBookIntegrationTest" time="0">
    <error message="Unresolved compilation problems: &#10;	The declared package &quot;com.example&quot; does not match the expected package &quot;&quot;&#10;	The Java feature &apos;Text Blocks&apos; is only available with source level 15 and above&#10;	The Java feature &apos;Text Blocks&apos; is only available with source level 15 and above&#10;" type="java.lang.Error"><![CDATA[java.lang.Error: 
Unresolved compilation problems: 
	The declared package "com.example" does not match the expected package ""
	The Java feature 'Text Blocks' is only available with source level 15 and above
	The Java feature 'Text Blocks' is only available with source level 15 and above

	at AddBookIntegrationTest.<init>(AddBookIntegrationTest.java:1)
]]></error>
  </testcase>
</testsuite>